2018-06-20 00:20:21,998 INFO o.a.j.u.JMeterUtils: Setting Locale to en_EN
2018-06-20 00:20:22,020 INFO o.a.j.JMeter: Loading user properties from: user.properties
2018-06-20 00:20:22,021 INFO o.a.j.JMeter: Loading system properties from: system.properties
2018-06-20 00:20:22,029 INFO o.a.j.JMeter: Copyright (c) 1998-2018 The Apache Software Foundation
2018-06-20 00:20:22,029 INFO o.a.j.JMeter: Version 4.0 r1823414
2018-06-20 00:20:22,029 INFO o.a.j.JMeter: java.version=1.8.0_92
2018-06-20 00:20:22,029 INFO o.a.j.JMeter: java.vm.name=Java HotSpot(TM) 64-Bit Server VM
2018-06-20 00:20:22,029 INFO o.a.j.JMeter: os.name=Mac OS X
2018-06-20 00:20:22,029 INFO o.a.j.JMeter: os.arch=x86_64
2018-06-20 00:20:22,029 INFO o.a.j.JMeter: os.version=10.12.6
2018-06-20 00:20:22,029 INFO o.a.j.JMeter: file.encoding=UTF-8
2018-06-20 00:20:22,029 INFO o.a.j.JMeter: Max memory     =1073741824
2018-06-20 00:20:22,029 INFO o.a.j.JMeter: Available Processors =4
2018-06-20 00:20:22,033 INFO o.a.j.JMeter: Default Locale=English (EN)
2018-06-20 00:20:22,034 INFO o.a.j.JMeter: JMeter  Locale=English (EN)
2018-06-20 00:20:22,034 INFO o.a.j.JMeter: JMeterHome=/Users/chhagan/apache-jmeter-4.0
2018-06-20 00:20:22,034 INFO o.a.j.JMeter: user.dir  =/Users/chhagan/apache-jmeter-4.0/bin
2018-06-20 00:20:22,034 INFO o.a.j.JMeter: PWD       =/Users/chhagan/apache-jmeter-4.0/bin
2018-06-20 00:20:22,080 INFO o.a.j.JMeter: IP: 192.168.0.2 Name: Chhagans-MacBook-Pro-2.local FullName: 192.168.0.2
2018-06-20 00:20:22,081 INFO o.a.j.JMeter: Set http[s].proxyHost: localhost Port: 8090
2018-06-20 00:20:22,086 INFO o.a.j.s.FileServer: Default base='/Users/chhagan/apache-jmeter-4.0/bin'
2018-06-20 00:20:22,090 INFO o.a.j.s.FileServer: Set new base='/Users/chhagan/apache-jmeter-4.0/bin'
2018-06-20 00:20:22,255 INFO o.a.j.s.SaveService: Testplan (JMX) version: 2.2. Testlog (JTL) version: 2.2
2018-06-20 00:20:22,276 INFO o.a.j.s.SaveService: Using SaveService properties file encoding UTF-8
2018-06-20 00:20:22,282 INFO o.a.j.s.SaveService: Using SaveService properties version 4.0
2018-06-20 00:20:22,291 INFO o.a.j.s.SaveService: Loading file: HTTP Request.jmx
2018-06-20 00:20:22,341 INFO o.a.j.p.h.s.HTTPSamplerBase: Parser for text/html is org.apache.jmeter.protocol.http.parser.LagartoBasedHtmlParser
2018-06-20 00:20:22,341 INFO o.a.j.p.h.s.HTTPSamplerBase: Parser for application/xhtml+xml is org.apache.jmeter.protocol.http.parser.LagartoBasedHtmlParser
2018-06-20 00:20:22,341 INFO o.a.j.p.h.s.HTTPSamplerBase: Parser for application/xml is org.apache.jmeter.protocol.http.parser.LagartoBasedHtmlParser
2018-06-20 00:20:22,341 INFO o.a.j.p.h.s.HTTPSamplerBase: Parser for text/xml is org.apache.jmeter.protocol.http.parser.LagartoBasedHtmlParser
2018-06-20 00:20:22,341 INFO o.a.j.p.h.s.HTTPSamplerBase: Parser for text/vnd.wap.wml is org.apache.jmeter.protocol.http.parser.RegexpHTMLParser
2018-06-20 00:20:22,342 INFO o.a.j.p.h.s.HTTPSamplerBase: Parser for text/css is org.apache.jmeter.protocol.http.parser.CssParser
2018-06-20 00:20:22,362 INFO o.a.j.JMeter: Creating summariser <summary>
2018-06-20 00:20:22,367 INFO o.a.j.e.StandardJMeterEngine: Running the test!
2018-06-20 00:20:22,367 INFO o.a.j.s.SampleEvent: List of sample_variables: []
2018-06-20 00:20:22,368 INFO o.a.j.s.SampleEvent: List of sample_variables: []
2018-06-20 00:20:22,371 INFO o.a.j.e.u.CompoundVariable: Note: Function class names must contain the string: '.functions.'
2018-06-20 00:20:22,372 INFO o.a.j.e.u.CompoundVariable: Note: Function class names must not contain the string: '.gui.'
2018-06-20 00:20:22,920 INFO o.a.j.JMeter: Running test (1529434222920)
2018-06-20 00:20:22,974 INFO o.a.j.e.StandardJMeterEngine: Starting ThreadGroup: 1 : Thread Group
2018-06-20 00:20:22,975 INFO o.a.j.e.StandardJMeterEngine: Starting 1 threads for group Thread Group.
2018-06-20 00:20:22,975 INFO o.a.j.e.StandardJMeterEngine: Thread will continue on error
2018-06-20 00:20:22,975 INFO o.a.j.t.ThreadGroup: Starting thread group... number=1 threads=1 ramp-up=1 perThread=1000.0 delayedStart=false
2018-06-20 00:20:22,981 INFO o.a.j.t.ThreadGroup: Started thread group number 1
2018-06-20 00:20:22,981 INFO o.a.j.e.StandardJMeterEngine: All thread groups have been started
2018-06-20 00:20:22,985 INFO o.a.j.t.JMeterThread: Thread started: Thread Group 1-1
2018-06-20 00:20:23,012 INFO o.a.j.p.h.s.HTTPHCAbstractImpl: Local host = Chhagans-MacBook-Pro-2.local
2018-06-20 00:20:23,025 INFO o.a.j.p.h.s.HTTPHC4Impl: HTTP request retry count = 0
2018-06-20 00:20:23,038 INFO o.a.j.s.SampleResult: Note: Sample TimeStamps are START times
2018-06-20 00:20:23,038 INFO o.a.j.s.SampleResult: sampleresult.default.encoding is set to ISO-8859-1
2018-06-20 00:20:23,038 INFO o.a.j.s.SampleResult: sampleresult.useNanoTime=true
2018-06-20 00:20:23,038 INFO o.a.j.s.SampleResult: sampleresult.nanoThreadSleep=5000
2018-06-20 00:20:23,849 INFO o.a.j.t.JMeterThread: Thread is done: Thread Group 1-1
2018-06-20 00:20:23,849 INFO o.a.j.t.JMeterThread: Thread finished: Thread Group 1-1
2018-06-20 00:20:23,856 INFO o.a.j.e.StandardJMeterEngine: Notifying test listeners of end of test
2018-06-20 00:20:23,859 INFO o.a.j.r.Summariser: summary =      1 in 00:00:01 =    1.1/s Avg:   760 Min:   760 Max:   760 Err:     1 (100.00%)
